21657 22:32:05.250307 execve("./parent",["./parent","arg1","arg2"],0x7ffeda15cb70 /* 37 vars */) = 0
21657 22:32:05.251375 brk(NULL) = 0x5577b2227000
21657 22:32:05.251878 arch_prctl(0x3001 /* ARCH_??? */,0x7fff95509090) = -1 EINVAL (Invalid argument)
21657 22:32:05.252499 mmap(NULL,8192,PROT_READ|PROT_WRITE,MAP_PRIVATE|MAP_ANONYMOUS,-1,0) = 0x7f18565e2000
21657 22:32:05.252951 access("/etc/ld.so.preload",R_OK) = -1 ENOENT (No such file or directory)
21657 22:32:05.253412 openat(AT_FDCWD,"/etc/ld.so.cache",O_RDONLY|O_CLOEXEC) = 3
21657 22:32:05.253760 newfstatat(3,"",{st_mode=S_IFREG|0644,st_size=29840,...},AT_EMPTY_PATH) = 0
21657 22:32:05.254060 mmap(NULL,29840,PROT_READ,MAP_PRIVATE,3,0) = 0x7f18565da000
21657 22:32:05.254315 close(3) = 0
21657 22:32:05.254705 openat(AT_FDCWD,"/lib/x86_64-linux-gnu/libc.so.6",O_RDONLY|O_CLOEXEC) = 3
21657 22:32:05.255103 read(3,"\\177ELF\\2\\1\\1\\3\\0\\0\\0\\0\\0\\0\\0\\0\\3\\0>\\0\\1\\0\\0\\0P\\237\\2\\0\\0\\0\\0\\0"...,832) = 832
21657 22:32:05.255421 pread64(3,"\\6\\0\\0\\0\\4\\0\\0\\0@\\0\\0\\0\\0\\0\\0\\0@\\0\\0\\0\\0\\0\\0\\0@\\0\\0\\0\\0\\0\\0\\0"...,784,64) = 784
21657 22:32:05.255730 pread64(3,"\\4\\0\\0\\0\\n\\0\\0\\0\\5\\0\\0\\0GNU\\0\\2\\0\\0\\300\\4\\0\\0\\0\\3\\0\\0\\0\\0\\0\\0\\0"...,48,848) = 48
21657 22:32:05.256075 pread64(3,"\\4\\0\\0\\0\\24\\0\\0\\0\\3\\0\\0\\0GNU\\0O{\\f\\225\\\\=\\201\\327\\312\\301P\\32$\\230\\266\\235") = 68
21657 22:32:05.256359 newfstatat(3,"",{st_mode=S_IFREG|0755,st_size=2220400,...},AT_EMPTY_PATH) = 0
21657 22:32:05.256588 pread64(3,"\\6\\0\\0\\0\\4\\0\\0\\0@\\0\\0\\0\\0\\0\\0\\0@\\0\\0\\0\\0\\0\\0\\0@\\0\\0\\0\\0\\0\\0\\0"...,784,64) = 784
21657 22:32:05.256789 mmap(NULL,2264656,PROT_READ,MAP_PRIVATE|MAP_DENYWRITE,3,0) = 0x7f18563b1000
21657 22:32:05.256983 mprotect(0x7f18563d9000,2023424,PROT_NONE) = 0
21657 22:32:05.257174 mmap(0x7f18563d9000,1658880,PROT_READ|PROT_EXEC,MAP_PRIVATE|MAP_FIXED|MAP_DENYWRITE,3) = 0x7f18563d9000
21657 22:32:05.257360 mmap(0x7f185656e000,360448,PROT_READ,MAP_PRIVATE|MAP_FIXED|MAP_DENYWRITE,3,0x1bd000) = 0x7f185656e000
21657 22:32:05.257541 mmap(0x7f18565c7000,24576,PROT_READ|PROT_WRITE,MAP_PRIVATE|MAP_FIXED|MAP_DENYWRITE,3) = 0x7f18565c7000
21657 22:32:05.257778 mmap(0x7f18565cd000,52816,PROT_READ|PROT_WRITE,MAP_PRIVATE|MAP_FIXED|MAP_ANONYMOUS,-1) = 0x7f18565cd000
21657 22:32:05.257974 close(3) = 0
21657 22:32:05.258169 mmap(NULL,12288,PROT_READ|PROT_WRITE,MAP_PRIVATE|MAP_ANONYMOUS,-1,0) = 0x7f18563ae000
21657 22:32:05.258416 arch_prctl(ARCH_SET_FS,0x7f18563ae740) = 0
21657 22:32:05.258652 set_tid_address(0x7f18563aea10) = 21657
21657 22:32:05.258859 set_robust_list(0x7f18563aea20,24) = 0
21657 22:32:05.259106 rseq(0x7f18563af0e0,0x20,0,0x53053053) = 0
21657 22:32:05.259429 mprotect(0x7f18565c7000,16384,PROT_READ) = 0
21657 22:32:05.259662 mprotect(0x5577a8383000,4096,PROT_READ) = 0
21657 22:32:05.259838 mprotect(0x7f185661c000,8192,PROT_READ) = 0
21657 22:32:05.260012 prlimit64(0,RLIMIT_STACK,NULL,{rlim_cur=8192*1024,rlim_max=RLIM64_INFINITY}) = 0
21657 22:32:05.260169 munmap(0x7f18565da000,29840) = 0
21657 22:32:05.260348 newfstatat(1,"",{st_mode=S_IFCHR|0620,st_rdev=makedev(0x88,0x8),...},AT_EMPTY_PATH) = 0
21657 22:32:05.260609 getrandom("\\x62\\x52\\x12\\xec\\x54\\xee\\x63\\xeb",8,GRND_NONBLOCK) = 8
21657 22:32:05.260871 brk(NULL) = 0x5577b2227000
21657 22:32:05.261210 brk(0x5577b2248000) = 0x5577b2248000
21657 22:32:05.261440 newfstatat(0,"",{st_mode=S_IFCHR|0620,st_rdev=makedev(0x88,0x8),...},AT_EMPTY_PATH) = 0
21657 22:32:05.261760 write(1,"Enter a file name for odd\\nlines:"...,33) = 33
21657 22:32:05.262059 read(0,"odd\\n",1024) = 4
21657 22:32:07.626601 write(1,"Enter a file name for even\\nlines"...,34) = 34
21657 22:32:07.627084 read(0,"even\\n",1024) = 5
21657 22:32:18.638922 openat(AT_FDCWD,"odd",O_WRONLY|O_CREAT|O_TRUNC,0666) = 3
21657 22:32:18.639383 openat(AT_FDCWD,"even",O_WRONLY|O_CREAT|O_TRUNC,0666) = 4
21657 22:32:18.639973 pipe2([5,6],0) = 0
21657 22:32:18.640291 fcntl(5,F_SETFD,FD_CLOEXEC) = 0
21657 22:32:18.640585 fcntl(6,F_SETFD,FD_CLOEXEC) = 0
21657 22:32:18.640937 pipe2([7,8],0) = 0
21657 22:32:18.641371 fcntl(7,F_SETFD,FD_CLOEXEC) = 0
21657 22:32:18.641663 fcntl(8,F_SETFD,FD_CLOEXEC) = 0
21657 22:32:18.641945 clone(child_stack=NULL,flags=CLONE_CHILD_CLEARTID|CLONE_CHILD_SETTID|SIGCHLD,child_tidptr=0x7f18563aea10) = 21767
21767 22:32:18.642420 set_robust_list(0x7f18563aea20,24 <unfinished ...>
21657 22:32:18.642471 clone(child_stack=NULL,flags=CLONE_CHILD_CLEARTID|CLONE_CHILD_SETTID|SIGCHLD <unfinished ...>
21767 22:32:18.642517 <... set_robust_list resumed>) = 0
21767 22:32:18.642693 dup2(5,0) = 0
21657 22:32:18.642862 <... clone resumed>,child_tidptr=0x7f18563aea10) = 21768
21768 22:32:18.642955 set_robust_list(0x7f18563aea20,24 <unfinished ...>
21767 22:32:18.642998 dup2(3,1 <unfinished ...>
21657 22:32:18.643039 read(0, <unfinished ...>
21768 22:32:18.643101 <... set_robust_list resumed>) = 0
21767 22:32:18.643143 <... dup2 resumed>) = 1
21768 22:32:18.643185 dup2(7,0 <unfinished ...>
21767 22:32:18.643226 fcntl(5,F_SETFD,0 <unfinished ...>
21768 22:32:18.643270 <... dup2 resumed>) = 0
21767 22:32:18.643328 <... fcntl resumed>) = 0
21768 22:32:18.643370 dup2(4,1 <unfinished ...>
21767 22:32:18.643411 fcntl(3,F_SETFD,0 <unfinished ...>
21768 22:32:18.643453 <... dup2 resumed>) = 1
21767 22:32:18.643516 <... fcntl resumed>) = 0
21768 22:32:18.643558 fcntl(7,F_SETFD,0 <unfinished ...>
21767 22:32:18.643599 execve("./child",["child"],0x7fff95509278 /* 37 vars */ <unfinished ...>
21768 22:32:18.643685 <... fcntl resumed>) = 0
21768 22:32:18.643803 fcntl(4,F_SETFD,0) = 0
21767 22:32:18.644020 <... execve resumed>) = 0
21768 22:32:18.644064 execve("./child",["child"],0x7fff95509278 /* 37 vars */ <unfinished ...>
21767 22:32:18.644146 brk(NULL) = 0x55d3e77d4000
21768 22:32:18.644427 <... execve resumed>) = 0
21767 22:32:18.644498 arch_prctl(0x3001 /* ARCH_??? */,0x7ffde7f63110 <unfinished ...>
21768 22:32:18.644545 brk(NULL <unfinished ...>
21767 22:32:18.644586 <... arch_prctl resumed>) = -1 EINVAL (Invalid argument)
21768 22:32:18.644635 <... brk resumed>) = 0x55fb5508b000
21767 22:32:18.644723 mmap(NULL,8192,PROT_READ|PROT_WRITE,MAP_PRIVATE|MAP_ANONYMOUS,-1,0 <unfinished ...>
21768 22:32:18.644790 arch_prctl(0x3001 /* ARCH_??? */,0x7ffd114f7df0 <unfinished ...>
21767 22:32:18.644831 <... mmap resumed>) = 0x7f8eb9278000
21768 22:32:18.644873 <... arch_prctl resumed>) = -1 EINVAL (Invalid argument)
21767 22:32:18.644939 access("/etc/ld.so.preload",R_OK <unfinished ...>
21768 22:32:18.644990 mmap(NULL,8192,PROT_READ|PROT_WRITE,MAP_PRIVATE|MAP_ANONYMOUS,-1,0 <unfinished ...>
21767 22:32:18.645055 <... access resumed>) = -1 ENOENT (No such file or directory)
21768 22:32:18.645098 <... mmap resumed>) = 0x7f1dea5f1000
21767 22:32:18.645177 openat(AT_FDCWD,"/etc/ld.so.cache",O_RDONLY|O_CLOEXEC <unfinished ...>
21768 22:32:18.645227 access("/etc/ld.so.preload",R_OK <unfinished ...>
21767 22:32:18.645273 <... openat resumed>) = 6
21768 22:32:18.645336 <... access resumed>) = -1 ENOENT (No such file or directory)
21767 22:32:18.645378 newfstatat(6,"", <unfinished ...>
21768 22:32:18.645423 openat(AT_FDCWD,"/etc/ld.so.cache",O_RDONLY|O_CLOEXEC <unfinished ...>
21767 22:32:18.645491 <... newfstatat resumed>{st_mode=S_IFREG|0644,st_size=29840,...},AT_EMPTY_PATH) = 0
21768 22:32:18.645539 <... openat resumed>) = 5
21767 22:32:18.645580 mmap(NULL,29840,PROT_READ,MAP_PRIVATE,6,0 <unfinished ...>
21768 22:32:18.645643 newfstatat(5,"", <unfinished ...>
21767 22:32:18.645688 <... mmap resumed>) = 0x7f8eb9270000
21768 22:32:18.645728 <... newfstatat resumed>{st_mode=S_IFREG|0644,st_size=29840,...},AT_EMPTY_PATH) = 0
21767 22:32:18.645800 close(6 <unfinished ...>
21768 22:32:18.645843 mmap(NULL,29840,PROT_READ,MAP_PRIVATE,5,0 <unfinished ...>
21767 22:32:18.645912 <... close resumed>) = 0
21768 22:32:18.645952 <... mmap resumed>) = 0x7f1dea5e9000
21768 22:32:18.646105 close(5 <unfinished ...>
21767 22:32:18.646228 openat(AT_FDCWD,"/lib/x86_64-linux-gnu/libc.so.6",O_RDONLY|O_CLOEXEC <unfinished ...>
21768 22:32:18.646324 <... close resumed>) = 0
21768 22:32:18.646554 openat(AT_FDCWD,"/lib/x86_64-linux-gnu/libc.so.6",O_RDONLY|O_CLOEXEC <unfinished ...>
21767 22:32:18.646605 read(6, <unfinished ...>
21768 22:32:18.646672 <... openat resumed>) = 5
21767 22:32:18.646714 <... read resumed>"\\177ELF\\2\\1\\1\\3\\0\\0\\0\\0\\0\\0\\0\\0\\3\\0>\\0\\1\\0\\0\\0P\\237\\2\\0\\0\\0\\0\\0"...,832) = 832
