45186 execve("./task",["./task","4","../test_points.txt"],0x7ffcf4bdc3f8 /* 36 vars */) = 0
45186 brk(NULL) = 0x55936a6b8000
45186 arch_prctl(0x3001 /* ARCH_??? */,0x7ffe49e6db10) = -1 EINVAL (Invalid argument)
45186 mmap(NULL,8192,PROT_READ|PROT_WRITE,MAP_PRIVATE|MAP_ANONYMOUS,-1,0) = 0x7fbc14508000
45186 access("/etc/ld.so.preload",R_OK) = -1 ENOENT (No such file or directory)
45186 openat(AT_FDCWD,"/etc/ld.so.cache",O_RDONLY|O_CLOEXEC) = 3
45186 newfstatat(3,"",{st_mode=S_IFREG|0644,st_size=29840,...},AT_EMPTY_PATH) = 0
45186 mmap(NULL,29840,PROT_READ,MAP_PRIVATE,3,0) = 0x7fbc14500000
45186 close(3) = 0
45186 openat(AT_FDCWD,"/lib/x86_64-linux-gnu/libm.so.6",O_RDONLY|O_CLOEXEC) = 3
45186 read(3,"\\177ELF\\2\\1\\1\\3\\0\\0\\0\\0\\0\\0\\0\\0\\3\\0>\\0\\1\\0\\0\\0\\0\\0\\0\\0\\0\\0\\0\\0"...,832) = 832
45186 newfstatat(3,"",{st_mode=S_IFREG|0644,st_size=940560,...},AT_EMPTY_PATH) = 0
45186 mmap(NULL,942344,PROT_READ,MAP_PRIVATE|MAP_DENYWRITE,3,0) = 0x7fbc14419000
45186 mmap(0x7fbc14427000,507904,PROT_READ|PROT_EXEC,MAP_PRIVATE|MAP_FIXED|MAP_DENYWRITE,3) = 0x7fbc14427000
45186 mmap(0x7fbc144a3000,372736,PROT_READ,MAP_PRIVATE|MAP_FIXED|MAP_DENYWRITE,3,0x8a000) = 0x7fbc144a3000
45186 mmap(0x7fbc144fe000,8192,PROT_READ|PROT_WRITE,MAP_PRIVATE|MAP_FIXED|MAP_DENYWRITE,3) = 0x7fbc144fe000
45186 close(3) = 0
45186 openat(AT_FDCWD,"/lib/x86_64-linux-gnu/libc.so.6",O_RDONLY|O_CLOEXEC) = 3
45186 read(3,"\\177ELF\\2\\1\\1\\3\\0\\0\\0\\0\\0\\0\\0\\0\\3\\0>\\0\\1\\0\\0\\0P\\237\\2\\0\\0\\0\\0\\0"...,832) = 832
45186 pread64(3,"\\6\\0\\0\\0\\4\\0\\0\\0@\\0\\0\\0\\0\\0\\0\\0@\\0\\0\\0\\0\\0\\0\\0@\\0\\0\\0\\0\\0\\0\\0"...,784,64) = 784
45186 pread64(3,"\\4\\0\\0\\0\\n\\0\\0\\0\\5\\0\\0\\0GNU\\0\\2\\0\\0\\300\\4\\0\\0\\0\\3\\0\\0\\0\\0\\0\\0\\0"...,48,848) = 48
45186 pread64(3,"\\4\\0\\0\\0\\24\\0\\0\\0\\3\\0\\0\\0GNU\\0O{\\f\\225\\\\=\\201\\327\\312\\301P\\32$\\230\\266\\235") = 68
45186 newfstatat(3,"",{st_mode=S_IFREG|0755,st_size=2220400,...},AT_EMPTY_PATH) = 0
45186 pread64(3,"\\6\\0\\0\\0\\4\\0\\0\\0@\\0\\0\\0\\0\\0\\0\\0@\\0\\0\\0\\0\\0\\0\\0@\\0\\0\\0\\0\\0\\0\\0"...,784,64) = 784
45186 mmap(NULL,2264656,PROT_READ,MAP_PRIVATE|MAP_DENYWRITE,3,0) = 0x7fbc141f0000
45186 mprotect(0x7fbc14218000,2023424,PROT_NONE) = 0
45186 mmap(0x7fbc14218000,1658880,PROT_READ|PROT_EXEC,MAP_PRIVATE|MAP_FIXED|MAP_DENYWRITE,3) = 0x7fbc14218000
45186 mmap(0x7fbc143ad000,360448,PROT_READ,MAP_PRIVATE|MAP_FIXED|MAP_DENYWRITE,3,0x1bd000) = 0x7fbc143ad000
45186 mmap(0x7fbc14406000,24576,PROT_READ|PROT_WRITE,MAP_PRIVATE|MAP_FIXED|MAP_DENYWRITE,3) = 0x7fbc14406000
45186 mmap(0x7fbc1440c000,52816,PROT_READ|PROT_WRITE,MAP_PRIVATE|MAP_FIXED|MAP_ANONYMOUS,-1) = 0x7fbc1440c000
45186 close(3) = 0
45186 mmap(NULL,12288,PROT_READ|PROT_WRITE,MAP_PRIVATE|MAP_ANONYMOUS,-1,0) = 0x7fbc141ed000
45186 arch_prctl(ARCH_SET_FS,0x7fbc141ed740) = 0
45186 set_tid_address(0x7fbc141eda10) = 45186
45186 set_robust_list(0x7fbc141eda20,24) = 0
45186 rseq(0x7fbc141ee0e0,0x20,0,0x53053053) = 0
45186 mprotect(0x7fbc14406000,16384,PROT_READ) = 0
45186 mprotect(0x7fbc144fe000,4096,PROT_READ) = 0
45186 mprotect(0x55934e476000,4096,PROT_READ) = 0
45186 mprotect(0x7fbc14542000,8192,PROT_READ) = 0
45186 prlimit64(0,RLIMIT_STACK,NULL,{rlim_cur=8192*1024,rlim_max=RLIM64_INFINITY}) = 0
45186 munmap(0x7fbc14500000,29840) = 0
45186 getrandom("\\xa8\\x7a\\xf5\\x0d\\xc7\\x47\\xdf\\x7e",8,GRND_NONBLOCK) = 8
45186 brk(NULL) = 0x55936a6b8000
45186 brk(0x55936a6d9000) = 0x55936a6d9000
45186 openat(AT_FDCWD,"../test_points.txt",O_RDONLY) = 3
45186 newfstatat(3,"",{st_mode=S_IFREG|0644,st_size=121,...},AT_EMPTY_PATH) = 0
45186 read(3,"0.0 0.0 0.0\\n1.0 0.0 0.0\\n0.0 1.0 "...,4096) = 121
45186 lseek(3,0,SEEK_SET) = 0
45186 read(3,"0.0 0.0 0.0\\n1.0 0.0 0.0\\n0.0 1.0 "...,4096) = 121
45186 read(3,"",4096) = 0
45186 lseek(3,0,SEEK_SET) = 0
45186 read(3,"0.0 0.0 0.0\\n1.0 0.0 0.0\\n0.0 1.0 "...,4096) = 121
45186 read(3,"",4096) = 0
45186 close(3) = 0
45186 newfstatat(1,"",{st_mode=S_IFCHR|0620,st_rdev=makedev(0x88,0x5),...},AT_EMPTY_PATH) = 0
45186 write(1,"\\320\\227\\320\\260\\320\\263\\321\\200\\321\\203\\320\\266\\320\\265\\320\\275\\320\\276 10 \\321\\202\\320\\276\\321\\207\\320\\265\\320\\272"...,33) = 33
45186 write(1,"\\320\\222\\321\\201\\320\\265\\320\\263\\320\\276 \\320\\272\\320\\276\\320\\274\\320\\261\\320\\270\\320\\275\\320\\260\\321\\206\\320\\270\\320\\271:"...,38) = 38
45186 rt_sigaction(SIGRT_1,{sa_handler=0x7fbc14281870,sa_mask=[],sa_flags=SA_RESTORER|SA_ON}) = 0
45186 rt_sigprocmask(SIG_UNBLOCK,[RTMIN RT_1],NULL,8) = 0
45186 mmap(NULL,8392704,PROT_NONE,MAP_PRIVATE|MAP_ANONYMOUS|MAP_STACK,-1,0) = 0x7fbc139ec000
45186 mprotect(0x7fbc139ed000,8388608,PROT_READ|PROT_WRITE) = 0
45186 rt_sigprocmask(SIG_BLOCK,~[],[],8) = 0
45187 clone3({flags=CLONE_VM|CLONE_FS|CLONE_FILES|CLONE_SIGHAND|CLONE_THREAD|CLONE_SYSVSEM|...},=>{parent_tid=[45187]},88) = 45187
45186 rt_sigprocmask(SIG_SETMASK,[],NULL,8) = 0
45186 write(1,"\\320\\237\\320\\276\\321\\202\\320\\276\\320\\272 0: \\320\\272\\320\\276\\320\\274\\320\\261\\320\\270\\320\\275\\320\\260\\321\\206\\320\\270"...,58) = 58
45186 mmap(NULL,8392704,PROT_NONE,MAP_PRIVATE|MAP_ANONYMOUS|MAP_STACK,-1,0) = 0x7fbc131eb000
45186 mprotect(0x7fbc131ec000,8388608,PROT_READ|PROT_WRITE) = 0
45186 rt_sigprocmask(SIG_BLOCK,~[],[],8) = 0
45188 clone3({flags=CLONE_VM|CLONE_FS|CLONE_FILES|CLONE_SIGHAND|CLONE_THREAD|CLONE_SYSVSEM|...},=>{parent_tid=[45188]},88) = 45188
45186 rt_sigprocmask(SIG_SETMASK,[],NULL,8) = 0
45186 write(1,"\\320\\237\\320\\276\\321\\202\\320\\276\\320\\272 1: \\320\\272\\320\\276\\320\\274\\320\\261\\320\\270\\320\\275\\320\\260\\321\\206\\320\\270"...,59) = 59
45186 mmap(NULL,8392704,PROT_NONE,MAP_PRIVATE|MAP_ANONYMOUS|MAP_STACK,-1,0) = 0x7fbc129ea000
45186 mprotect(0x7fbc129eb000,8388608,PROT_READ|PROT_WRITE) = 0
45186 rt_sigprocmask(SIG_BLOCK,~[],[],8) = 0
45189 clone3({flags=CLONE_VM|CLONE_FS|CLONE_FILES|CLONE_SIGHAND|CLONE_THREAD|CLONE_SYSVSEM|...},=>{parent_tid=[45189]},88) = 45189
45186 rt_sigprocmask(SIG_SETMASK,[],NULL,8) = 0
45186 futex(0x7fbc1440ca70,FUTEX_WAIT_PRIVATE,2,NULL) = 0
45186 write(1,"\\320\\237\\320\\276\\321\\202\\320\\276\\320\\272 2: \\320\\272\\320\\276\\320\\274\\320\\261\\320\\270\\320\\275\\320\\260\\321\\206\\320\\270"...,59) = 59
45186 futex(0x7fbc1440ca70,FUTEX_WAKE_PRIVATE,1) = 1
45186 mmap(NULL,8392704,PROT_NONE,MAP_PRIVATE|MAP_ANONYMOUS|MAP_STACK,-1,0) = 0x7fbc121e9000
45186 mprotect(0x7fbc121ea000,8388608,PROT_READ|PROT_WRITE) = 0
45186 rt_sigprocmask(SIG_BLOCK,~[],[],8) = 0
45190 clone3({flags=CLONE_VM|CLONE_FS|CLONE_FILES|CLONE_SIGHAND|CLONE_THREAD|CLONE_SYSVSEM|...},=>{parent_tid=[45190]},88) = 45190
45186 rt_sigprocmask(SIG_SETMASK,[],NULL,8) = 0
45186 write(1,"\\320\\237\\320\\276\\321\\202\\320\\276\\320\\272 3: \\320\\272\\320\\276\\320\\274\\320\\261\\320\\270\\320\\275\\320\\260\\321\\206\\320\\270"...,60) = 60
45186 futex(0x7fbc131ea910,FUTEX_WAIT_BITSET|FUTEX_CLOCK_REALTIME,45189,NULL,FUTEX_BITSET_M) = 0
45186 futex(0x7fbc129e9910,FUTEX_WAIT_BITSET|FUTEX_CLOCK_REALTIME,45190,NULL,FUTEX_BITSET_M) = 0
45186 write(1,"\\320\\240\\320\\225\\320\\227\\320\\243\\320\\233\\320\\254\\320\\242\\320\\220\\320\\242\\320\\220\\320\\242\\320") = 21
45186 write(1,"\\320\\234\\320\\260\\320\\272\\321\\201\\320\\270\\320\\274\\320\\260\\320\\273\\321\\214\\320 \\320\\277\\320\\273\\320\\276\\321"...,51) = 51
45186 write(1,"\\320\\222\\320\\265\\321\\200\\321\\210\\320\\270\\320\\275\\321\\213:\\n",16) = 16
45186 write(1,"P1: (1.500000,3.500000,1.00000"...,35) = 35
45186 write(1,"P2: (-1.000000,-1.000000,0.000"...,37) = 37
45186 write(1,"P3: (2.500000,0.500000,4.00000"...,35) = 35
45186 exit_group(0) = ?
45186 +++ exited with 0 +++
